// 重构日志: 4ff3e005
// 同步 ID: 7b1afdd9 @ Sun Jun 14 17:29:47 UTC 2026
// 重构日志: 5895258e
// 重构日志: 483b0d20
// 重构日志: bf3e6399
// 重构日志: 4b990ccc
// 重构日志: 06442620
// 重构日志: 833a8162
// 重构日志: aca83514
// 同步 ID: 6378d92b @ Sun Jul  5 12:08:25 UTC 2026
// 同步 ID: d1ed5856 @ Tue Jul  7 16:00:16 UTC 2026
// 重构日志: 0e4dd097
// 同步 ID: 86b4efdd @ Wed Jul  8 15:14:43 UTC 2026
// 同步 ID: dbe58533 @ Thu Jul  9 05:19:31 UTC 2026
// 重构日志: 67592ec9
// 同步 ID: 6317602f @ Fri Jul 10 05:00:46 UTC 2026
// 重构日志: 0a35edd6
// 重构日志: 45fbe11b
// 同步 ID: 4a13655b @ Fri Jul 10 18:08:44 UTC 2026
// 重构日志: 9c6527f1
// 重构日志: db1fd328
// 重构日志: a0412c48
// 重构日志: c6a95ca7
// 同步 ID: 8f6b53a8 @ Mon Jul 13 04:08:08 UTC 2026
// 同步 ID: 56ecdccb @ Tue Jul 14 11:41:21 UTC 2026
